[2025-05-02 11:33:14,128: INFO: common: config/config.yaml file loaded sucessfully]
[2025-05-02 11:33:14,128: INFO: common: params.yaml file loaded sucessfully]
[2025-05-02 11:33:14,129: INFO: common: params.yaml file loaded sucessfully]
[2025-05-02 11:33:14,129: INFO: common: Directory artifacts created]
[2025-05-02 11:33:14,129: INFO: common: Directory artifacts/data_ingestion created]
[2025-05-02 11:33:15,342: INFO: dataingestion: artifacts/data_ingestion/data.zip downloaded]
[2025-05-02 11:33:15,345: INFO: main: Welcome to our data science project]
[2025-05-02 11:33:15,345: INFO: main: <<<<<STAGE Data Ingestion Stage started <<<<<<<<<<<]
[2025-05-02 11:33:15,346: INFO: common: config/config.yaml file loaded sucessfully]
[2025-05-02 11:33:15,346: INFO: common: params.yaml file loaded sucessfully]
[2025-05-02 11:33:15,347: INFO: common: params.yaml file loaded sucessfully]
[2025-05-02 11:33:15,347: INFO: common: Directory artifacts created]
[2025-05-02 11:33:15,347: INFO: common: Directory artifacts/data_ingestion created]
[2025-05-02 11:33:15,347: INFO: dataingestion: artifacts/data_ingestion/data.zip already exists and size if 91353]
[2025-05-02 11:33:15,350: INFO: main: <<<<<STAGE Data Ingestion Stage completed <<<<<<<<<<<]
[2025-05-03 06:31:45,809: INFO: common: config/config.yaml file loaded sucessfully]
[2025-05-03 06:31:45,813: INFO: common: params.yaml file loaded sucessfully]
[2025-05-03 06:31:45,816: INFO: common: schema.yaml file loaded sucessfully]
[2025-05-03 06:31:45,817: INFO: common: Directory artifacts created]
[2025-05-03 06:32:34,323: INFO: common: config/config.yaml file loaded sucessfully]
[2025-05-03 06:32:34,324: INFO: common: params.yaml file loaded sucessfully]
[2025-05-03 06:32:34,326: INFO: common: schema.yaml file loaded sucessfully]
[2025-05-03 06:32:34,327: INFO: common: Directory artifacts created]
[2025-05-03 06:32:34,328: INFO: common: Directory artifacts/data_validation created]
[2025-05-03 06:33:37,621: INFO: common: config/config.yaml file loaded sucessfully]
[2025-05-03 06:33:37,623: INFO: common: params.yaml file loaded sucessfully]
[2025-05-03 06:33:37,626: INFO: common: schema.yaml file loaded sucessfully]
[2025-05-03 06:33:37,628: INFO: common: Directory artifacts created]
[2025-05-03 06:33:37,628: INFO: common: Directory artifacts/data_validation created]
[2025-05-03 06:34:05,284: INFO: common: config/config.yaml file loaded sucessfully]
[2025-05-03 06:34:05,287: INFO: common: params.yaml file loaded sucessfully]
[2025-05-03 06:34:05,290: INFO: common: schema.yaml file loaded sucessfully]
[2025-05-03 06:34:05,292: INFO: common: Directory artifacts created]
[2025-05-03 06:34:05,293: INFO: common: Directory artifacts/data_validation created]
[2025-05-03 06:34:24,370: INFO: common: config/config.yaml file loaded sucessfully]
[2025-05-03 06:34:24,372: INFO: common: params.yaml file loaded sucessfully]
[2025-05-03 06:34:24,375: INFO: common: schema.yaml file loaded sucessfully]
[2025-05-03 06:34:24,376: INFO: common: Directory artifacts created]
[2025-05-03 06:34:24,376: INFO: common: Directory artifacts/data_validation created]
[2025-05-03 06:35:34,257: INFO: common: config/config.yaml file loaded sucessfully]
[2025-05-03 06:35:34,259: INFO: common: params.yaml file loaded sucessfully]
[2025-05-03 06:35:34,261: INFO: common: schema.yaml file loaded sucessfully]
[2025-05-03 06:35:34,262: INFO: common: Directory artifacts created]
[2025-05-03 06:35:34,263: INFO: common: Directory artifacts/data_validation created]
[2025-05-03 06:35:34,266: INFO: 2896289824: Missing column fixed acidity in input file or column type mismatch]
[2025-05-03 06:35:48,019: INFO: common: config/config.yaml file loaded sucessfully]
[2025-05-03 06:35:48,020: INFO: common: params.yaml file loaded sucessfully]
[2025-05-03 06:35:48,022: INFO: common: schema.yaml file loaded sucessfully]
[2025-05-03 06:35:48,024: INFO: common: Directory artifacts created]
[2025-05-03 06:35:48,025: INFO: common: Directory artifacts/data_validation created]
[2025-05-03 06:35:48,031: INFO: 2896289824: Missing column fixed acidity in input file or column type mismatch]
[2025-05-03 06:37:15,858: INFO: common: config/config.yaml file loaded sucessfully]
[2025-05-03 06:37:15,860: INFO: common: params.yaml file loaded sucessfully]
[2025-05-03 06:37:15,862: INFO: common: schema.yaml file loaded sucessfully]
[2025-05-03 06:37:15,863: INFO: common: Directory artifacts created]
[2025-05-03 06:37:15,864: INFO: common: Directory artifacts/data_validation created]
[2025-05-03 06:38:19,570: INFO: common: config/config.yaml file loaded sucessfully]
[2025-05-03 06:38:19,571: INFO: common: params.yaml file loaded sucessfully]
[2025-05-03 06:38:19,574: INFO: common: schema.yaml file loaded sucessfully]
[2025-05-03 06:38:19,576: INFO: common: Directory artifacts created]
[2025-05-03 06:38:19,577: INFO: common: Directory artifacts/data_validation created]
[2025-05-03 06:39:34,466: INFO: common: config/config.yaml file loaded sucessfully]
[2025-05-03 06:39:34,467: INFO: common: params.yaml file loaded sucessfully]
[2025-05-03 06:39:34,469: INFO: common: schema.yaml file loaded sucessfully]
[2025-05-03 06:39:34,469: INFO: common: Directory artifacts created]
[2025-05-03 06:39:34,470: INFO: common: Directory artifacts/data_validation created]
[2025-05-03 06:40:07,381: INFO: common: config/config.yaml file loaded sucessfully]
[2025-05-03 06:40:07,383: INFO: common: params.yaml file loaded sucessfully]
[2025-05-03 06:40:07,385: INFO: common: schema.yaml file loaded sucessfully]
[2025-05-03 06:40:07,386: INFO: common: Directory artifacts created]
[2025-05-03 06:40:07,387: INFO: common: Directory artifacts/data_validation created]
[2025-05-03 06:40:28,384: INFO: common: config/config.yaml file loaded sucessfully]
[2025-05-03 06:40:28,386: INFO: common: params.yaml file loaded sucessfully]
[2025-05-03 06:40:28,389: INFO: common: schema.yaml file loaded sucessfully]
[2025-05-03 06:40:28,390: INFO: common: Directory artifacts created]
[2025-05-03 06:40:28,391: INFO: common: Directory artifacts/data_validation created]
[2025-05-03 06:40:54,403: INFO: common: config/config.yaml file loaded sucessfully]
[2025-05-03 06:40:54,405: INFO: common: params.yaml file loaded sucessfully]
[2025-05-03 06:40:54,407: INFO: common: schema.yaml file loaded sucessfully]
[2025-05-03 06:40:54,408: INFO: common: Directory artifacts created]
[2025-05-03 06:40:54,409: INFO: common: Directory artifacts/data_validation created]
[2025-05-03 06:41:13,908: INFO: common: config/config.yaml file loaded sucessfully]
[2025-05-03 06:41:13,909: INFO: common: params.yaml file loaded sucessfully]
[2025-05-03 06:41:13,912: INFO: common: schema.yaml file loaded sucessfully]
[2025-05-03 06:41:13,913: INFO: common: Directory artifacts created]
[2025-05-03 06:41:13,914: INFO: common: Directory artifacts/data_validation created]
[2025-05-03 06:41:13,924: INFO: 1524943548: Input file passed validation]
[2025-05-03 06:41:33,377: INFO: common: config/config.yaml file loaded sucessfully]
[2025-05-03 06:41:33,379: INFO: common: params.yaml file loaded sucessfully]
[2025-05-03 06:41:33,381: INFO: common: schema.yaml file loaded sucessfully]
[2025-05-03 06:41:33,383: INFO: common: Directory artifacts created]
[2025-05-03 06:41:33,384: INFO: common: Directory artifacts/data_validation created]
[2025-05-03 06:41:33,387: INFO: 1203765553: Input file passed validation]
[2025-05-03 06:42:02,018: INFO: common: config/config.yaml file loaded sucessfully]
[2025-05-03 06:42:02,020: INFO: common: params.yaml file loaded sucessfully]
[2025-05-03 06:42:02,022: INFO: common: schema.yaml file loaded sucessfully]
[2025-05-03 06:42:02,023: INFO: common: Directory artifacts created]
[2025-05-03 06:42:02,024: INFO: common: Directory artifacts/data_validation created]
[2025-05-03 06:42:02,028: INFO: 3693007339: Input file passed validation]
[2025-05-03 06:42:30,855: INFO: common: config/config.yaml file loaded sucessfully]
[2025-05-03 06:42:30,857: INFO: common: params.yaml file loaded sucessfully]
[2025-05-03 06:42:30,859: INFO: common: schema.yaml file loaded sucessfully]
[2025-05-03 06:42:30,860: INFO: common: Directory artifacts created]
[2025-05-03 06:42:30,861: INFO: common: Directory artifacts/data_validation created]
[2025-05-03 06:42:30,865: INFO: 3693007339: Input file passed validation]
[2025-05-03 06:42:53,730: INFO: common: config/config.yaml file loaded sucessfully]
[2025-05-03 06:42:53,732: INFO: common: params.yaml file loaded sucessfully]
[2025-05-03 06:42:53,735: INFO: common: schema.yaml file loaded sucessfully]
[2025-05-03 06:42:53,737: INFO: common: Directory artifacts created]
[2025-05-03 06:42:53,737: INFO: common: Directory artifacts/data_validation created]
[2025-05-03 06:42:53,742: INFO: 3693007339: Missing column alcohol in input file or column type mismatch]
[2025-05-03 06:57:15,562: INFO: common: config/config.yaml file loaded sucessfully]
[2025-05-03 06:57:15,563: INFO: common: params.yaml file loaded sucessfully]
[2025-05-03 06:57:15,565: INFO: common: schema.yaml file loaded sucessfully]
[2025-05-03 06:57:15,565: INFO: common: Directory artifacts created]
[2025-05-03 06:57:15,565: INFO: common: Directory artifacts/data_ingestion created]
[2025-05-03 06:57:15,565: INFO: dataingestion: artifacts/data_ingestion/data.zip already exists and size if 91353]
[2025-05-03 06:57:15,775: INFO: main: Welcome to our data science project]
[2025-05-03 06:57:15,775: INFO: main: <<<<<STAGE Data Ingestion Stage started <<<<<<<<<<<]
[2025-05-03 06:57:15,776: INFO: common: config/config.yaml file loaded sucessfully]
[2025-05-03 06:57:15,777: INFO: common: params.yaml file loaded sucessfully]
[2025-05-03 06:57:15,778: INFO: common: schema.yaml file loaded sucessfully]
[2025-05-03 06:57:15,778: INFO: common: Directory artifacts created]
[2025-05-03 06:57:15,778: INFO: common: Directory artifacts/data_ingestion created]
[2025-05-03 06:57:15,778: INFO: dataingestion: artifacts/data_ingestion/data.zip already exists and size if 91353]
[2025-05-03 06:57:15,780: INFO: main: <<<<<STAGE Data Ingestion Stage completed <<<<<<<<<<<]
[2025-05-03 06:57:15,780: INFO: main: >>>>>>>>>>stage Data Validation Stage started <<<<<<<<<<<<<<]
[2025-05-03 06:57:15,781: INFO: common: config/config.yaml file loaded sucessfully]
[2025-05-03 06:57:15,782: INFO: common: params.yaml file loaded sucessfully]
[2025-05-03 06:57:15,783: INFO: common: schema.yaml file loaded sucessfully]
[2025-05-03 06:57:15,783: INFO: common: Directory artifacts created]
[2025-05-03 06:57:15,783: INFO: common: Directory artifacts/data_validation created]
[2025-05-03 06:57:15,787: INFO: datavalidation: Input file passed validation]
[2025-05-03 06:57:15,787: INFO: main: >>>>>>>>>>stage Data Validation Stage completed <<<<<<<<<<<<<<

x===================x]
